Using pre-set license
Built from '2020.3/staging' branch; Version is '2020.3.19f1 (68f137dc9bbe) revision 6877495'; Using compiler version '192528614'; Build Type 'Release'
OS: 'Windows 10 Home; OS build 19043.1348; Version 2009; 64bit' Language: 'es' Physical Memory: 8084 MB
BatchMode: 1, IsHumanControllingUs: 0, StartBugReporterOnCrash: 0, Is64bit: 1, IsPro: 0

COMMAND LINE ARGUMENTS:
C:\Program Files\Unity\Hub\Editor\2020.3.19f1\Editor\Unity.exe
-adb2
-batchMode
-noUpm
-name
AssetImportWorker4
-projectPath
C:/Users/Aitor/Documents/GitHub/ZooEscape/ProyectoAnimales
-logFile
Logs/AssetImportWorker4.log
-srvPort
62805
Successfully changed project path to: C:/Users/Aitor/Documents/GitHub/ZooEscape/ProyectoAnimales
C:/Users/Aitor/Documents/GitHub/ZooEscape/ProyectoAnimales
Using Asset Import Pipeline V2.
Refreshing native plugins compatible for Editor in 88.08 ms, found 3 plugins.
Preloading 0 native plugins for Editor in 0.00 ms.
Initialize engine version: 2020.3.19f1 (68f137dc9bbe)
[Subsystems] Discovering subsystems at path C:/Program Files/Unity/Hub/Editor/2020.3.19f1/Editor/Data/Resources/UnitySubsystems
[Subsystems] Discovering subsystems at path C:/Users/Aitor/Documents/GitHub/ZooEscape/ProyectoAnimales/Assets
GfxDevice: creating device client; threaded=0
Direct3D:
    Version:  Direct3D 11.0 [level 11.1]
    Renderer: NVIDIA GeForce GTX 1050 (ID=0x1c8d)
    Vendor:   
    VRAM:     4021 MB
    Driver:   30.0.14.9649
Initialize mono
Mono path[0] = 'C:/Program Files/Unity/Hub/Editor/2020.3.19f1/Editor/Data/Managed'
Mono path[1] = 'C:/Program Files/Unity/Hub/Editor/2020.3.19f1/Editor/Data/MonoBleedingEdge/lib/mono/unityjit'
Mono config path = 'C:/Program Files/Unity/Hub/Editor/2020.3.19f1/Editor/Data/MonoBleedingEdge/etc'
Using monoOptions --debugger-agent=transport=dt_socket,embedding=1,server=y,suspend=n,address=127.0.0.1:56012
Begin MonoManager ReloadAssembly
Registering precompiled unity dll's ...
Register platform support module: C:/Program Files/Unity/Hub/Editor/2020.3.19f1/Editor/Data/PlaybackEngines/WebGLSupport/UnityEditor.WebGL.Extensions.dll
Register platform support module: C:/Program Files/Unity/Hub/Editor/2020.3.19f1/Editor/Data/PlaybackEngines/WindowsStandaloneSupport/UnityEditor.WindowsStandalone.Extensions.dll
Registered in 0.002404 seconds.
Native extension for WindowsStandalone target not found
Native extension for WebGL target not found
Refreshing native plugins compatible for Editor in 92.31 ms, found 3 plugins.
Preloading 0 native plugins for Editor in 0.00 ms.
Mono: successfully reloaded assembly
- Completed reload, in  2.181 seconds
Domain Reload Profiling:
	ReloadAssembly (2181ms)
		BeginReloadAssembly (65ms)
			ExecutionOrderSort (0ms)
			DisableScriptedObjects (0ms)
			BackupInstance (0ms)
			ReleaseScriptingObjects (0ms)
			CreateAndSetChildDomain (1ms)
		EndReloadAssembly (633ms)
			LoadAssemblies (63ms)
			RebuildTransferFunctionScriptingTraits (0ms)
			SetupTypeCache (217ms)
			ReleaseScriptCaches (0ms)
			RebuildScriptCaches (46ms)
			SetupLoadedEditorAssemblies (262ms)
				LogAssemblyErrors (0ms)
				InitializePlatformSupportModulesInManaged (5ms)
				SetLoadedEditorAssemblies (0ms)
				RefreshPlugins (92ms)
				BeforeProcessingInitializeOnLoad (18ms)
				ProcessInitializeOnLoadAttributes (110ms)
				ProcessInitializeOnLoadMethodAttributes (36ms)
				AfterProcessingInitializeOnLoad (0ms)
				EditorAssembliesLoaded (1ms)
			ExecutionOrderSort2 (0ms)
			AwakeInstancesAfterBackupRestoration (0ms)
Platform modules already initialized, skipping
Registering precompiled user dll's ...
Registered in 0.005248 seconds.
Begin MonoManager ReloadAssembly
Native extension for WindowsStandalone target not found
Native extension for WebGL target not found
Refreshing native plugins compatible for Editor in 96.27 ms, found 3 plugins.
Preloading 0 native plugins for Editor in 0.00 ms.
Mono: successfully reloaded assembly
- Completed reload, in  4.498 seconds
Domain Reload Profiling:
	ReloadAssembly (4499ms)
		BeginReloadAssembly (198ms)
			ExecutionOrderSort (0ms)
			DisableScriptedObjects (7ms)
			BackupInstance (0ms)
			ReleaseScriptingObjects (0ms)
			CreateAndSetChildDomain (29ms)
		EndReloadAssembly (4199ms)
			LoadAssemblies (2753ms)
			RebuildTransferFunctionScriptingTraits (0ms)
			SetupTypeCache (520ms)
			ReleaseScriptCaches (1ms)
			RebuildScriptCaches (90ms)
			SetupLoadedEditorAssemblies (640ms)
				LogAssemblyErrors (0ms)
				InitializePlatformSupportModulesInManaged (5ms)
				SetLoadedEditorAssemblies (0ms)
				RefreshPlugins (96ms)
				BeforeProcessingInitializeOnLoad (120ms)
				ProcessInitializeOnLoadAttributes (389ms)
				ProcessInitializeOnLoadMethodAttributes (22ms)
				AfterProcessingInitializeOnLoad (7ms)
				EditorAssembliesLoaded (0ms)
			ExecutionOrderSort2 (0ms)
			AwakeInstancesAfterBackupRestoration (9ms)
Platform modules already initialized, skipping
========================================================================
Worker process is ready to serve import requests
Launched and connected shader compiler UnityShaderCompiler.exe after 0.14 seconds
Refreshing native plugins compatible for Editor in 0.75 ms, found 3 plugins.
Preloading 0 native plugins for Editor in 0.00 ms.
Unloading 2849 Unused Serialized files (Serialized files now loaded: 0)
System memory in use before: 122.4 MB.
System memory in use after: 122.6 MB.

Unloading 39 unused Assets to reduce memory usage. Loaded Objects now: 3281.
Total: 4.211900 ms (FindLiveObjects: 0.296600 ms CreateObjectMapping: 0.135700 ms MarkObjects: 3.665800 ms  DeleteObjects: 0.112800 ms)

AssetImportParameters requested are different than current active one (requested -> active):
  custom:framework-win-MediaFoundation: 216162199b28c13a410421893ffa2e32 -> 
  custom:video-decoder-ogg-theora: a1e56fd34408186e4bbccfd4996cb3dc -> 
  custom:container-muxer-webm: aa71ff27fc2769a1b78a27578f13a17b -> 
  custom:container-demuxer-webm: 4f35f7cbe854078d1ac9338744f61a02 -> 
  custom:container-demuxer-ogg: 62fdf1f143b41e24485cea50d1cbac27 -> 
  custom:video-encoder-webm-vp8: eb34c28f22e8b96e1ab97ce403110664 -> 
  custom:video-decoder-webm-vp8: 9c59270c3fd7afecdb556c50c9e8de78 -> 
  custom:audio-decoder-ogg-vorbis: bf7c407c2cedff20999df2af8eb42d56 -> 
  custom:audio-encoder-webm-vorbis: bf7c407c2cedff20999df2af8eb42d56 -> 
========================================================================
Received Import Request.
  path: Assets/Resources/BotonAzul.prefab
  artifactKey: Guid(213d1fa4abc37ac4d8dcedf594692bc5) Importer(815301076,1909f56bfc062723c751e8b465ee728b)
Start importing Assets/Resources/BotonAzul.prefab using Guid(213d1fa4abc37ac4d8dcedf594692bc5) Importer(815301076,1909f56bfc062723c751e8b465ee728b)  -> (artifact id: 'fa43bbb9df38858a583dbaffe0c93c09') in 0.250216 seconds 
  Import took 0.257614 seconds .

========================================================================
Received Import Request.
  Time since last request: 0.000454 seconds.
  path: Assets/Resources/rope_0 1.prefab
  artifactKey: Guid(146acf513eccdc4499738607bc5e2585) Importer(815301076,1909f56bfc062723c751e8b465ee728b)
Start importing Assets/Resources/rope_0 1.prefab using Guid(146acf513eccdc4499738607bc5e2585) Importer(815301076,1909f56bfc062723c751e8b465ee728b)  -> (artifact id: 'c48ba8bf682ea78df6a2929571fa9f04') in 0.035726 seconds 
  Import took 0.045538 seconds .

========================================================================
Received Import Request.
  Time since last request: 0.000333 seconds.
  path: Assets/Resources/CanvasMobile.prefab
  artifactKey: Guid(ca852c6af6f313a449ba7589a063fcd9) Importer(815301076,1909f56bfc062723c751e8b465ee728b)
Start importing Assets/Resources/CanvasMobile.prefab using Guid(ca852c6af6f313a449ba7589a063fcd9) Importer(815301076,1909f56bfc062723c751e8b465ee728b)  -> (artifact id: '0d54f5287604ae24ea1ab6a9ec750ac0') in 0.031093 seconds 
  Import took 0.037531 seconds .

========================================================================
Received Import Request.
  Time since last request: 0.000257 seconds.
  path: Assets/Resources/Puerta.prefab
  artifactKey: Guid(1f84604bedd06fc418ec3f296e61879f) Importer(815301076,1909f56bfc062723c751e8b465ee728b)
Start importing Assets/Resources/Puerta.prefab using Guid(1f84604bedd06fc418ec3f296e61879f) Importer(815301076,1909f56bfc062723c751e8b465ee728b)  -> (artifact id: 'ba8e9621e2d53346773a664d05c9b4af') in 0.028845 seconds 
  Import took 0.035131 seconds .

========================================================================
Received Import Request.
  Time since last request: 0.000177 seconds.
  path: Assets/Resources/rope_0 3.prefab
  artifactKey: Guid(bd2d6bffb29fce44fad9836bd9b23940) Importer(815301076,1909f56bfc062723c751e8b465ee728b)
Start importing Assets/Resources/rope_0 3.prefab using Guid(bd2d6bffb29fce44fad9836bd9b23940) Importer(815301076,1909f56bfc062723c751e8b465ee728b)  -> (artifact id: 'bdf1abfea6def893f4bbc131bf6f6e6c') in 0.024672 seconds 
  Import took 0.030900 seconds .

========================================================================
Received Import Request.
  Time since last request: 0.000215 seconds.
  path: Assets/Resources/AudioManager.prefab
  artifactKey: Guid(78395feddd00a524dac82f6c774e38dc) Importer(815301076,1909f56bfc062723c751e8b465ee728b)
Start importing Assets/Resources/AudioManager.prefab using Guid(78395feddd00a524dac82f6c774e38dc) Importer(815301076,1909f56bfc062723c751e8b465ee728b)  -> (artifact id: '130f3b54b9abc7f0be0140274e52aef0') in 0.014811 seconds 
  Import took 0.021571 seconds .

========================================================================
Received Import Request.
  Time since last request: 0.000209 seconds.
  path: Assets/Resources/Botones.prefab
  artifactKey: Guid(d7185f9a10f3f2e4d84eb43d948c1839) Importer(815301076,1909f56bfc062723c751e8b465ee728b)
Start importing Assets/Resources/Botones.prefab using Guid(d7185f9a10f3f2e4d84eb43d948c1839) Importer(815301076,1909f56bfc062723c751e8b465ee728b)  -> (artifact id: '8897b7cebf0034103fe4f6a7012675aa') in 0.023752 seconds 
  Import took 0.033213 seconds .

========================================================================
Received Import Request.
  Time since last request: 0.000311 seconds.
  path: Assets/Resources/Llave.prefab
  artifactKey: Guid(5a20d99a1ead86340a829f58993a1477) Importer(815301076,1909f56bfc062723c751e8b465ee728b)
Start importing Assets/Resources/Llave.prefab using Guid(5a20d99a1ead86340a829f58993a1477) Importer(815301076,1909f56bfc062723c751e8b465ee728b)  -> (artifact id: '15ef90377638a6c1f0ca07a6580e93f9') in 0.021137 seconds 
  Import took 0.029366 seconds .

========================================================================
Received Import Request.
  Time since last request: 0.000251 seconds.
  path: Assets/Resources/OsoPolar.prefab
  artifactKey: Guid(13d20d5ad5bd1e54ca64617469216169) Importer(815301076,1909f56bfc062723c751e8b465ee728b)
Start importing Assets/Resources/OsoPolar.prefab using Guid(13d20d5ad5bd1e54ca64617469216169) Importer(815301076,1909f56bfc062723c751e8b465ee728b)  -> (artifact id: '5a2d72ce5e25ec34490895c14297cd77') in 0.112877 seconds 
  Import took 0.120310 seconds .

========================================================================
Received Import Request.
  Time since last request: 0.000237 seconds.
  path: Assets/Resources/Caja3.prefab
  artifactKey: Guid(b82e30be4b4f7df4ca4d2f0a06915c05) Importer(815301076,1909f56bfc062723c751e8b465ee728b)
Start importing Assets/Resources/Caja3.prefab using Guid(b82e30be4b4f7df4ca4d2f0a06915c05) Importer(815301076,1909f56bfc062723c751e8b465ee728b)  -> (artifact id: '38f5e608dfff6b92a93036e52426e92c') in 0.102478 seconds 
  Import took 0.111774 seconds .

========================================================================
Received Import Request.
  Time since last request: 0.000161 seconds.
  path: Assets/Resources/CajaJug.prefab
  artifactKey: Guid(54556745bf4887540b634c5739df93ea) Importer(815301076,1909f56bfc062723c751e8b465ee728b)
Start importing Assets/Resources/CajaJug.prefab using Guid(54556745bf4887540b634c5739df93ea) Importer(815301076,1909f56bfc062723c751e8b465ee728b)  -> (artifact id: '881f479c448338b5322936abb6d4cc83') in 0.027487 seconds 
  Import took 0.033916 seconds .

========================================================================
Received Import Request.
  Time since last request: 0.000219 seconds.
  path: Assets/Resources/BotonLevel5.prefab
  artifactKey: Guid(fdd6efe8d5c79d140aa207d0601ee3b9) Importer(815301076,1909f56bfc062723c751e8b465ee728b)
Start importing Assets/Resources/BotonLevel5.prefab using Guid(fdd6efe8d5c79d140aa207d0601ee3b9) Importer(815301076,1909f56bfc062723c751e8b465ee728b)  -> (artifact id: '0631571b370f2420d2f37ccb35214d9f') in 0.044189 seconds 
  Import took 0.051819 seconds .

========================================================================
Received Import Request.
  Time since last request: 0.000174 seconds.
  path: Assets/Resources/VidasCanvas.prefab
  artifactKey: Guid(fdffc709de8ca264a9e2cb046f5e5597) Importer(815301076,1909f56bfc062723c751e8b465ee728b)
Start importing Assets/Resources/VidasCanvas.prefab using Guid(fdffc709de8ca264a9e2cb046f5e5597) Importer(815301076,1909f56bfc062723c751e8b465ee728b)  -> (artifact id: '67639c5dbeacf601d61eee0086a1c481') in 0.018518 seconds 
  Import took 0.026963 seconds .

========================================================================
Received Import Request.
  Time since last request: 0.000427 seconds.
  path: Assets/Resources/Bananas_0.prefab
  artifactKey: Guid(214826ea034bf884b81ca03391e76169) Importer(815301076,1909f56bfc062723c751e8b465ee728b)
Start importing Assets/Resources/Bananas_0.prefab using Guid(214826ea034bf884b81ca03391e76169) Importer(815301076,1909f56bfc062723c751e8b465ee728b)  -> (artifact id: 'fa714edc46cb50b4dfa9b3f30e46291f') in 0.029924 seconds 
  Import took 0.036569 seconds .

========================================================================
Received Import Request.
  Time since last request: 0.000204 seconds.
  path: Assets/Resources/Pared.prefab
  artifactKey: Guid(eca3f290cb5cbaa43a23d03533a218e1) Importer(815301076,1909f56bfc062723c751e8b465ee728b)
Start importing Assets/Resources/Pared.prefab using Guid(eca3f290cb5cbaa43a23d03533a218e1) Importer(815301076,1909f56bfc062723c751e8b465ee728b)  -> (artifact id: 'e75d94862c4f2383cb95a92418b9df8d') in 0.043105 seconds 
  Import took 0.049372 seconds .

========================================================================
Received Import Request.
  Time since last request: 0.000173 seconds.
  path: Assets/Resources/rope_0 2.prefab
  artifactKey: Guid(c833b3db0b1b27e4ea599df93323f440) Importer(815301076,1909f56bfc062723c751e8b465ee728b)
Start importing Assets/Resources/rope_0 2.prefab using Guid(c833b3db0b1b27e4ea599df93323f440) Importer(815301076,1909f56bfc062723c751e8b465ee728b)  -> (artifact id: '973e93543869e1ac877867f5b09a63e7') in 0.022688 seconds 
  Import took 0.028561 seconds .

========================================================================
Received Import Request.
  Time since last request: 0.000323 seconds.
  path: Assets/Resources/Caja2.prefab
  artifactKey: Guid(2776112e9609b5f4ab4c72be9f9f4d73) Importer(815301076,1909f56bfc062723c751e8b465ee728b)
Start importing Assets/Resources/Caja2.prefab using Guid(2776112e9609b5f4ab4c72be9f9f4d73) Importer(815301076,1909f56bfc062723c751e8b465ee728b)  -> (artifact id: 'af654cbc05205028f8e86515f0a839b3') in 0.048652 seconds 
  Import took 0.055751 seconds .

========================================================================
Received Import Request.
  Time since last request: 0.000174 seconds.
  path: Assets/Resources/ParedVerde.prefab
  artifactKey: Guid(3a01e2695c095bb4aa84b50ac8c8e8d7) Importer(815301076,1909f56bfc062723c751e8b465ee728b)
Start importing Assets/Resources/ParedVerde.prefab using Guid(3a01e2695c095bb4aa84b50ac8c8e8d7) Importer(815301076,1909f56bfc062723c751e8b465ee728b)  -> (artifact id: '21a0f7c8bbda6b45b426b7e94d57fbeb') in 0.040274 seconds 
  Import took 0.046133 seconds .

========================================================================
Received Import Request.
  Time since last request: 0.000185 seconds.
  path: Assets/Resources/OsoPardo.prefab
  artifactKey: Guid(aa6165469f5b7a14590b942ba70dfe93) Importer(815301076,1909f56bfc062723c751e8b465ee728b)
Start importing Assets/Resources/OsoPardo.prefab using Guid(aa6165469f5b7a14590b942ba70dfe93) Importer(815301076,1909f56bfc062723c751e8b465ee728b)  -> (artifact id: '60ca35e9ca2a8e7ff3e2b01cb0d0aca6') in 0.097529 seconds 
  Import took 0.109523 seconds .

========================================================================
Received Import Request.
  Time since last request: 0.000274 seconds.
  path: Assets/Resources/PlatMovil.prefab
  artifactKey: Guid(8ba5a2f42069c0b408a2f121af563cbd) Importer(815301076,1909f56bfc062723c751e8b465ee728b)
Start importing Assets/Resources/PlatMovil.prefab using Guid(8ba5a2f42069c0b408a2f121af563cbd) Importer(815301076,1909f56bfc062723c751e8b465ee728b)  -> (artifact id: '885a5be7341f74e1be025b45916d1985') in 0.040572 seconds 
  Import took 0.051108 seconds .

========================================================================
Received Import Request.
  Time since last request: 0.000196 seconds.
  path: Assets/Resources/rope_0 5.prefab
  artifactKey: Guid(024073cbc3176cc44b434c56009ef0ed) Importer(815301076,1909f56bfc062723c751e8b465ee728b)
Start importing Assets/Resources/rope_0 5.prefab using Guid(024073cbc3176cc44b434c56009ef0ed) Importer(815301076,1909f56bfc062723c751e8b465ee728b)  -> (artifact id: '493b2218bd8278d85bdb9549bb41846a') in 0.022390 seconds 
  Import took 0.031177 seconds .

========================================================================
Received Import Request.
  Time since last request: 0.000288 seconds.
  path: Assets/Resources/peredpquenalvl9.prefab
  artifactKey: Guid(aa734b5865f9f7b45b0fe52beb90841d) Importer(815301076,1909f56bfc062723c751e8b465ee728b)
Start importing Assets/Resources/peredpquenalvl9.prefab using Guid(aa734b5865f9f7b45b0fe52beb90841d) Importer(815301076,1909f56bfc062723c751e8b465ee728b)  -> (artifact id: '576774dcaeacb7e30845b830f960ab4b') in 0.032835 seconds 
  Import took 0.038727 seconds .

========================================================================
Received Import Request.
  Time since last request: 0.000289 seconds.
  path: Assets/Resources/MaskDude.prefab
  artifactKey: Guid(1d092dd4ddeb97a40970e6aaf044d3ea) Importer(815301076,1909f56bfc062723c751e8b465ee728b)
Start importing Assets/Resources/MaskDude.prefab using Guid(1d092dd4ddeb97a40970e6aaf044d3ea) Importer(815301076,1909f56bfc062723c751e8b465ee728b)  -> (artifact id: '6e1a02e78a49186cd577255b0a89eae3') in 0.062731 seconds 
  Import took 0.069222 seconds .

========================================================================
Received Import Request.
  Time since last request: 0.224507 seconds.
  path: Assets/Resources/CanvasPause.prefab
  artifactKey: Guid(a1cdee74f1e5d7b4eaae55633b1f8454) Importer(815301076,1909f56bfc062723c751e8b465ee728b)
Start importing Assets/Resources/CanvasPause.prefab using Guid(a1cdee74f1e5d7b4eaae55633b1f8454) Importer(815301076,1909f56bfc062723c751e8b465ee728b)  -> (artifact id: '4538edfdfef51da3ddc370ece93cf826') in 0.026121 seconds 
  Import took 0.034326 seconds .

========================================================================
Received Import Request.
  Time since last request: 0.000324 seconds.
  path: Assets/Resources/rope_0 7.prefab
  artifactKey: Guid(166a2c7755ab0104998791d428349e4b) Importer(815301076,1909f56bfc062723c751e8b465ee728b)
Start importing Assets/Resources/rope_0 7.prefab using Guid(166a2c7755ab0104998791d428349e4b) Importer(815301076,1909f56bfc062723c751e8b465ee728b)  -> (artifact id: '8066cf4a10eb4026aabee6bea669c16f') in 0.036423 seconds 
  Import took 0.043757 seconds .

========================================================================
Received Import Request.
  Time since last request: 0.000268 seconds.
  path: Assets/Resources/Joint.prefab
  artifactKey: Guid(6de7164e8b3c6104daf03633e6b75fa2) Importer(815301076,1909f56bfc062723c751e8b465ee728b)
Start importing Assets/Resources/Joint.prefab using Guid(6de7164e8b3c6104daf03633e6b75fa2) Importer(815301076,1909f56bfc062723c751e8b465ee728b)  -> (artifact id: '57a6794513f5f90081057c5469299f35') in 0.020807 seconds 
  Import took 0.031436 seconds .

========================================================================
Received Import Request.
  Time since last request: 0.000313 seconds.
  path: Assets/Resources/SueloBoxAnt.prefab
  artifactKey: Guid(c876cdf834dbeb047a270f96195600b0) Importer(815301076,1909f56bfc062723c751e8b465ee728b)
Start importing Assets/Resources/SueloBoxAnt.prefab using Guid(c876cdf834dbeb047a270f96195600b0) Importer(815301076,1909f56bfc062723c751e8b465ee728b)  -> (artifact id: '5e3def7cda386c362335a8d3db2c231b') in 0.020736 seconds 
  Import took 0.031864 seconds .

========================================================================
Received Import Request.
  Time since last request: 0.000308 seconds.
  path: Assets/Resources/rope_0 4.prefab
  artifactKey: Guid(865e88a8035710147868c480e75dee5a) Importer(815301076,1909f56bfc062723c751e8b465ee728b)
Start importing Assets/Resources/rope_0 4.prefab using Guid(865e88a8035710147868c480e75dee5a) Importer(815301076,1909f56bfc062723c751e8b465ee728b)  -> (artifact id: 'a371c5416be371bf05cd42563828b997') in 0.022507 seconds 
  Import took 0.029782 seconds .

========================================================================
Received Import Request.
  Time since last request: 0.000295 seconds.
  path: Assets/Resources/peredlvl9.prefab
  artifactKey: Guid(fe4fe3ed5b2a0774185f9525b6510d73) Importer(815301076,1909f56bfc062723c751e8b465ee728b)
Start importing Assets/Resources/peredlvl9.prefab using Guid(fe4fe3ed5b2a0774185f9525b6510d73) Importer(815301076,1909f56bfc062723c751e8b465ee728b)  -> (artifact id: 'd1b0e84cd4880b46c755b5642942892c') in 0.034305 seconds 
  Import took 0.043523 seconds .

========================================================================
Received Import Request.
  Time since last request: 0.000662 seconds.
  path: Assets/Resources/SueloBox2.prefab
  artifactKey: Guid(8fffd3b581474394c88b85011e0e78fe) Importer(815301076,1909f56bfc062723c751e8b465ee728b)
Start importing Assets/Resources/SueloBox2.prefab using Guid(8fffd3b581474394c88b85011e0e78fe) Importer(815301076,1909f56bfc062723c751e8b465ee728b)  -> (artifact id: '69d1b2b9763728ab331963af1d0d8cb0') in 0.022558 seconds 
  Import took 0.033932 seconds .

========================================================================
Received Import Request.
  Time since last request: 0.000268 seconds.
  path: Assets/Resources/Player.prefab
  artifactKey: Guid(8601f33918286514ea78a381cc93d8ac) Importer(815301076,1909f56bfc062723c751e8b465ee728b)
Start importing Assets/Resources/Player.prefab using Guid(8601f33918286514ea78a381cc93d8ac) Importer(815301076,1909f56bfc062723c751e8b465ee728b)  -> (artifact id: '8301e07656c2661c58ff6c702ff9f423') in 0.030051 seconds 
  Import took 0.038562 seconds .

========================================================================
Received Import Request.
  Time since last request: 0.000254 seconds.
  path: Assets/Resources/Cuerda.prefab
  artifactKey: Guid(5f569778bca6760468f3e75b3ca64b91) Importer(815301076,1909f56bfc062723c751e8b465ee728b)
Start importing Assets/Resources/Cuerda.prefab using Guid(5f569778bca6760468f3e75b3ca64b91) Importer(815301076,1909f56bfc062723c751e8b465ee728b)  -> (artifact id: 'feb8822b8a8197cc8273e2235b98edb5') in 0.034333 seconds 
  Import took 0.046165 seconds .

========================================================================
Received Import Request.
  Time since last request: 0.000208 seconds.
  path: Assets/Resources/Mina.prefab
  artifactKey: Guid(e432c5f3bb544e84c937f6a70a98d407) Importer(815301076,1909f56bfc062723c751e8b465ee728b)
Start importing Assets/Resources/Mina.prefab using Guid(e432c5f3bb544e84c937f6a70a98d407) Importer(815301076,1909f56bfc062723c751e8b465ee728b)  -> (artifact id: '8521699aef50cccedb8d07a34fcb1433') in 0.028868 seconds 
  Import took 0.034487 seconds .

========================================================================
Received Import Request.
  Time since last request: 0.000224 seconds.
  path: Assets/Resources/PinkHeroe.prefab
  artifactKey: Guid(14dc669605ca0d3469cf24570652da9e) Importer(815301076,1909f56bfc062723c751e8b465ee728b)
Start importing Assets/Resources/PinkHeroe.prefab using Guid(14dc669605ca0d3469cf24570652da9e) Importer(815301076,1909f56bfc062723c751e8b465ee728b)  -> (artifact id: '468df073e4bf3d4d332b01e0e45562c7') in 0.027578 seconds 
  Import took 0.032661 seconds .

========================================================================
Received Import Request.
  Time since last request: 0.000203 seconds.
  path: Assets/Resources/ParedAzul.prefab
  artifactKey: Guid(f46d41bbe5ff56746b7b60bae168d2fb) Importer(815301076,1909f56bfc062723c751e8b465ee728b)
Start importing Assets/Resources/ParedAzul.prefab using Guid(f46d41bbe5ff56746b7b60bae168d2fb) Importer(815301076,1909f56bfc062723c751e8b465ee728b)  -> (artifact id: '7f63ce1d9236aeec107d6f72166e94aa') in 0.033196 seconds 
  Import took 0.039604 seconds .

========================================================================
Received Import Request.
  Time since last request: 0.000177 seconds.
  path: Assets/Resources/rope_0.prefab
  artifactKey: Guid(1a4f62c2dcabeb548a616a1b48ac7fbe) Importer(815301076,1909f56bfc062723c751e8b465ee728b)
Start importing Assets/Resources/rope_0.prefab using Guid(1a4f62c2dcabeb548a616a1b48ac7fbe) Importer(815301076,1909f56bfc062723c751e8b465ee728b)  -> (artifact id: 'c8b760486ff7aabb5cfd83ef9351fa0c') in 0.019295 seconds 
  Import took 0.028330 seconds .

========================================================================
Received Import Request.
  Time since last request: 0.000176 seconds.
  path: Assets/Resources/MovingPlatform_1.prefab
  artifactKey: Guid(50178f60de4e8ea4492c3bee6f9ae88e) Importer(815301076,1909f56bfc062723c751e8b465ee728b)
Start importing Assets/Resources/MovingPlatform_1.prefab using Guid(50178f60de4e8ea4492c3bee6f9ae88e) Importer(815301076,1909f56bfc062723c751e8b465ee728b)  -> (artifact id: '854d85a2f9f10aa3b3328c8fdb8335c5') in 0.031430 seconds 
  Import took 0.038180 seconds .

========================================================================
Received Import Request.
  Time since last request: 0.000181 seconds.
  path: Assets/Resources/Palanca.prefab
  artifactKey: Guid(86874d1dadcef614caa040edbc87dbc0) Importer(815301076,1909f56bfc062723c751e8b465ee728b)
Start importing Assets/Resources/Palanca.prefab using Guid(86874d1dadcef614caa040edbc87dbc0) Importer(815301076,1909f56bfc062723c751e8b465ee728b)  -> (artifact id: 'e8c434acb93e7f37ea52ab30a919f3f2') in 0.034069 seconds 
  Import took 0.044128 seconds .

========================================================================
Received Import Request.
  Time since last request: 0.000197 seconds.
  path: Assets/Resources/personajeMaterial.physicsMaterial2D
  artifactKey: Guid(6594d54e1e13a744f85b240d842e8339) Importer(815301076,1909f56bfc062723c751e8b465ee728b)
Start importing Assets/Resources/personajeMaterial.physicsMaterial2D using Guid(6594d54e1e13a744f85b240d842e8339) Importer(815301076,1909f56bfc062723c751e8b465ee728b)  -> (artifact id: 'ba38b7597355e2a97b589229650ea85f') in 0.014663 seconds 
  Import took 0.020306 seconds .

========================================================================
Received Import Request.
  Time since last request: 0.000189 seconds.
  path: Assets/Resources/Rope.prefab
  artifactKey: Guid(ab25565a249205247ab7cedb8a5d2d7f) Importer(815301076,1909f56bfc062723c751e8b465ee728b)
Start importing Assets/Resources/Rope.prefab using Guid(ab25565a249205247ab7cedb8a5d2d7f) Importer(815301076,1909f56bfc062723c751e8b465ee728b)  -> (artifact id: '53d46edec8268e432605c98e8f578bcd') in 0.026794 seconds 
  Import took 0.035956 seconds .

========================================================================
Received Import Request.
  Time since last request: 0.001696 seconds.
  path: Assets/Resources/rope_0 6.prefab
  artifactKey: Guid(c9017a04649833e4ab7030e31240fe30) Importer(815301076,1909f56bfc062723c751e8b465ee728b)
Start importing Assets/Resources/rope_0 6.prefab using Guid(c9017a04649833e4ab7030e31240fe30) Importer(815301076,1909f56bfc062723c751e8b465ee728b)  -> (artifact id: '661222ec3336c2fd437f113306f68389') in 0.020869 seconds 
  Import took 0.028089 seconds .

========================================================================
Received Import Request.
  Time since last request: 0.000165 seconds.
  path: Assets/Resources/SueloBox.prefab
  artifactKey: Guid(9dd9f9b6f77c97e42a18cb12d225eabc) Importer(815301076,1909f56bfc062723c751e8b465ee728b)
Start importing Assets/Resources/SueloBox.prefab using Guid(9dd9f9b6f77c97e42a18cb12d225eabc) Importer(815301076,1909f56bfc062723c751e8b465ee728b)  -> (artifact id: 'e5bbaf2f166c8e1891b7bc594269b455') in 0.019509 seconds 
  Import took 0.026146 seconds .

========================================================================
Received Import Request.
  Time since last request: 0.000201 seconds.
  path: Assets/Resources/PalancaChiquito.prefab
  artifactKey: Guid(2be25d872ae832a4f8b9b58db2768b76) Importer(815301076,1909f56bfc062723c751e8b465ee728b)
Start importing Assets/Resources/PalancaChiquito.prefab using Guid(2be25d872ae832a4f8b9b58db2768b76) Importer(815301076,1909f56bfc062723c751e8b465ee728b)  -> (artifact id: 'e0f53cdfcade15a9e76cbde62120d3a3') in 0.036171 seconds 
  Import took 0.042223 seconds .

========================================================================
Received Import Request.
  Time since last request: 0.000287 seconds.
  path: Assets/Resources/ROPE 2.prefab
  artifactKey: Guid(55697d1c78003bc4ea0436a32ae719fb) Importer(815301076,1909f56bfc062723c751e8b465ee728b)
Start importing Assets/Resources/ROPE 2.prefab using Guid(55697d1c78003bc4ea0436a32ae719fb) Importer(815301076,1909f56bfc062723c751e8b465ee728b)  -> (artifact id: '60a6bacee8ee91a861b34d96a0d64bad') in 0.011844 seconds 
  Import took 0.021206 seconds .

========================================================================
Received Import Request.
  Time since last request: 3.546874 seconds.
  path: Assets/Scenes/Level7.unity
  artifactKey: Guid(0e1ca0888ed6d9847bdeba0b84ce63bc) Importer(815301076,1909f56bfc062723c751e8b465ee728b)
Start importing Assets/Scenes/Level7.unity using Guid(0e1ca0888ed6d9847bdeba0b84ce63bc) Importer(815301076,1909f56bfc062723c751e8b465ee728b)  -> (artifact id: '0be6baff1fd43671694df56143ee07d9') in 0.009522 seconds 
  Import took 0.018177 seconds .

========================================================================
Received Import Request.
  Time since last request: 7.727428 seconds.
  path: Assets/Resources/Boton.prefab
  artifactKey: Guid(0791ea802afa58f40acbc8161633c399) Importer(815301076,1909f56bfc062723c751e8b465ee728b)
Start importing Assets/Resources/Boton.prefab using Guid(0791ea802afa58f40acbc8161633c399) Importer(815301076,1909f56bfc062723c751e8b465ee728b)  -> (artifact id: '9f092fe14981c4559d5bcff7fa295560') in 0.034958 seconds 
  Import took 0.044007 seconds .

========================================================================
Received Import Request.
  Time since last request: 0.000263 seconds.
  path: Assets/Resources/BotonEspecial.prefab
  artifactKey: Guid(54c3301cfa2a9564db665a5537a52dec) Importer(815301076,1909f56bfc062723c751e8b465ee728b)
Start importing Assets/Resources/BotonEspecial.prefab using Guid(54c3301cfa2a9564db665a5537a52dec) Importer(815301076,1909f56bfc062723c751e8b465ee728b)  -> (artifact id: '6e7cc5aff3be8368e172a1ac079d3148') in 0.040579 seconds 
  Import took 0.047612 seconds .

========================================================================
Received Import Request.
  Time since last request: 0.000322 seconds.
  path: Assets/Resources/Caja.prefab
  artifactKey: Guid(fa70614b82cd3534080e6548199e88d4) Importer(815301076,1909f56bfc062723c751e8b465ee728b)
Start importing Assets/Resources/Caja.prefab using Guid(fa70614b82cd3534080e6548199e88d4) Importer(815301076,1909f56bfc062723c751e8b465ee728b)  -> (artifact id: 'b4a1bc000a026e0963f793e1b97ac6c6') in 0.049585 seconds 
  Import took 0.055911 seconds .

========================================================================
Received Import Request.
  Time since last request: 0.000214 seconds.
  path: Assets/Resources/BotonVerde.prefab
  artifactKey: Guid(36fb65072061c4c4eac383dcc83e86aa) Importer(815301076,1909f56bfc062723c751e8b465ee728b)
Start importing Assets/Resources/BotonVerde.prefab using Guid(36fb65072061c4c4eac383dcc83e86aa) Importer(815301076,1909f56bfc062723c751e8b465ee728b)  -> (artifact id: '5e7eed4e0efa2a2c8fac6191a58f432e') in 0.038864 seconds 
  Import took 0.048486 seconds .

AssetImportWorkerClient::OnTransportError - code=2 error=End of file
